{"level":"info","message":"guest GET /activity-montoring/fetch at 2024-06-24T16:58:43.788Z"}
{"level":"info","message":"guest GET /activity-monitoring/fetch at 2024-06-24T16:59:22.432Z"}
{"level":"info","message":"guest GET /users at 2024-06-24T17:00:51.957Z"}
{"level":"info","message":"guest GET /activity-monitoring at 2024-06-24T17:19:28.764Z"}
{"level":"info","message":"guest GET /activity-monitoring at 2024-06-24T17:19:48.500Z"}
{"level":"info","message":"guest GET /activity-monitoring at 2024-06-24T17:26:59.752Z"}
{"level":"info","message":"guest GET /api-docs/ at 2024-06-25T10:20:54.829Z"}
{"level":"info","message":"guest GET /api-docs/swagger-ui.css at 2024-06-25T10:20:54.911Z"}
{"level":"info","message":"guest GET /api-docs/swagger-ui-bundle.js at 2024-06-25T10:20:54.953Z"}
{"level":"info","message":"guest GET /api-docs/swagger-ui-standalone-preset.js at 2024-06-25T10:20:54.995Z"}
{"level":"info","message":"guest GET /api-docs/swagger-ui-init.js at 2024-06-25T10:20:55.033Z"}
{"level":"info","message":"guest POST /users at 2024-06-25T10:23:47.129Z"}
{"level":"info","message":"guest GET /users at 2024-06-25T10:24:01.661Z"}
{"level":"info","message":"guest GET /users at 2024-06-25T10:25:14.099Z"}
{"level":"info","message":"guest GET /users/user-search/filter?username=pavithra at 2024-06-25T10:25:33.753Z"}
{"level":"info","message":"guest POST /users/login at 2024-06-25T10:26:10.461Z"}
{"level":"info","message":"pavithra POST /users/send-otp at 2024-06-25T10:27:37.815Z"}
{"level":"info","message":"pavithra POST /users/verify-otp at 2024-06-25T10:28:38.871Z"}
{"level":"info","message":"pavithra POST /users/send-otp at 2024-06-25T10:28:52.073Z"}
{"level":"info","message":"pavithra POST /users/verify-otp at 2024-06-25T10:29:17.327Z"}
{"level":"info","message":"pavithra POST /users/forgot-password at 2024-06-25T10:29:51.983Z"}
{"level":"info","message":"pavithra POST /users/reset-password at 2024-06-25T10:30:38.004Z"}
{"level":"info","message":"guest OPTIONS /users/reset-password at 2024-06-25T10:30:52.872Z"}
{"level":"info","message":"guest POST /users/reset-password at 2024-06-25T10:30:52.910Z"}
{"level":"info","message":"pavithra POST /document at 2024-06-25T10:34:24.293Z"}
{"level":"info","message":"pavithra GET /document/NdzBHwKXPJMQQe9GYdfj92fjQ6hR3wTH at 2024-06-25T10:34:48.295Z"}
{"level":"info","message":"pavithra POST /profile at 2024-06-25T10:42:46.296Z"}
{"level":"info","message":"guest POST /profile at 2024-06-25T10:43:53.059Z"}
{"level":"info","message":"guest GET /api-docs/ at 2024-06-25T10:44:04.970Z"}
{"level":"info","message":"guest GET /api-docs/swagger-ui.css at 2024-06-25T10:44:05.102Z"}
{"level":"info","message":"guest GET /api-docs/swagger-ui-bundle.js at 2024-06-25T10:44:05.144Z"}
{"level":"info","message":"guest GET /api-docs/swagger-ui-standalone-preset.js at 2024-06-25T10:44:05.188Z"}
{"level":"info","message":"guest GET /api-docs/swagger-ui-init.js at 2024-06-25T10:44:05.230Z"}
{"level":"info","message":"guest GET /api-docs/favicon-32x32.png at 2024-06-25T10:44:05.594Z"}
{"level":"info","message":"guest POST /profile at 2024-06-25T10:44:37.138Z"}
{"level":"info","message":"guest POST /profile at 2024-06-25T10:45:44.425Z"}
{"level":"info","message":"guest GET /profile at 2024-06-25T10:52:38.422Z"}
{"level":"info","message":"guest PUT /profile/667a9ab3e5f67d9cf80f5a96 at 2024-06-25T10:53:55.233Z"}
{"level":"info","message":"guest GET /profile/667a9ab3e5f67d9cf80f5a96 at 2024-06-25T10:54:23.487Z"}
{"level":"info","message":"guest GET /profile/profile-search/filter?firstName=pavithra at 2024-06-25T10:54:45.930Z"}
{"level":"info","message":"guest GET /profile/profile-search/filter?firstName=pavishree at 2024-06-25T10:55:02.364Z"}
{"level":"info","message":"guest OPTIONS /payment/order at 2024-06-25T10:58:50.942Z"}
{"level":"info","message":"guest POST /payment/order at 2024-06-25T10:58:50.995Z"}
{"level":"info","message":"guest POST /payment/order at 2024-06-25T11:00:18.298Z"}
{"level":"info","message":"guest OPTIONS /payment/verify-payment at 2024-06-25T11:01:01.222Z"}
{"level":"info","message":"guest POST /payment/verify-payment at 2024-06-25T11:01:01.281Z"}
{"level":"info","message":"guest POST /payment/verify-payment at 2024-06-25T11:01:50.800Z"}
{"level":"info","message":"guest POST /payment/refund at 2024-06-25T11:02:21.125Z"}
{"level":"info","message":"guest POST /payment/refund at 2024-06-25T11:03:03.839Z"}
{"level":"info","message":"guest POST /payment/refund at 2024-06-25T11:07:35.174Z"}
{"level":"info","message":"guest OPTIONS /payment/order at 2024-06-25T11:08:23.454Z"}
{"level":"info","message":"guest POST /payment/order at 2024-06-25T11:08:23.499Z"}
{"level":"info","message":"guest OPTIONS /payment/verify-payment at 2024-06-25T11:08:39.685Z"}
{"level":"info","message":"guest POST /payment/verify-payment at 2024-06-25T11:08:39.729Z"}
{"level":"info","message":"guest POST /payment/refund at 2024-06-25T11:09:49.106Z"}
{"level":"info","message":"guest POST /payment/partial-refund at 2024-06-25T11:10:20.736Z"}
{"level":"info","message":"guest GET /roles/604dfb61be00390018cee555 at 2024-06-25T11:25:11.973Z"}
{"level":"info","message":"guest PUT /roles/604dfb61be00390018cee555 at 2024-06-25T11:25:55.728Z"}
{"level":"info","message":"guest PUT /roles/604dfb61be00390018cee555/user-role at 2024-06-25T11:27:13.658Z"}
{"level":"info","message":"guest GET /users/google/callback at 2024-06-25T11:29:29.813Z"}
{"level":"info","message":"guest GET /users/google/callback at 2024-06-25T11:29:41.815Z"}
{"level":"info","message":"guest GET /users/google/callback at 2024-06-25T11:30:18.368Z"}
{"level":"info","message":"guest GET /users/google at 2024-06-25T11:37:55.194Z"}
{"level":"info","message":"guest GET /roles/604dfb61be00390018cee555 at 2024-06-25T11:58:56.169Z"}
{"level":"info","message":"guest PUT /roles/604dfb61be00390018cee555 at 2024-06-25T11:59:36.140Z"}
{"level":"info","message":"guest GET /roles/604dfb61be00390018cee555 at 2024-06-25T12:53:33.048Z"}
{"level":"info","message":"guest GET /roles/604dfb61be00390018cee555 at 2024-06-25T12:55:46.198Z"}
{"level":"info","message":"guest PUT /roles/604dfb61be00390018cee555/user-role at 2024-06-25T12:59:00.498Z"}
{"level":"info","message":"guest PUT /roles/604dfb61be00390018cee555/user-role at 2024-06-25T13:01:23.350Z"}
{"level":"info","message":"guest PUT /roles/604dfb61be00390018cee555/user-role at 2024-06-25T13:04:57.422Z"}
{"level":"info","message":"guest PUT /roles/604dfb61be00390018cee555/user-role at 2024-06-25T13:06:52.668Z"}
{"level":"info","message":"guest PUT /roles/604dfb61be00390018cee555/user-role at 2024-06-25T13:08:15.533Z"}
{"level":"info","message":"guest GET /roles/604dfb61be00390018cee555 at 2024-06-25T13:12:01.901Z"}
{"level":"info","message":"guest PUT /roles/604dfb61be00390018cee555 at 2024-06-25T13:12:17.540Z"}
{"level":"info","message":"guest PUT /roles/604dfb61be00390018cee555 at 2024-06-25T13:14:43.870Z"}
{"level":"info","message":"guest PUT /roles/604dfb61be00390018cee555 at 2024-06-25T13:16:22.599Z"}
{"level":"info","message":"guest PUT /roles/604dfb61be00390018cee555 at 2024-06-25T13:18:27.918Z"}
{"level":"info","message":"guest GET /api-docs/favicon-32x32.png at 2024-06-25T13:21:54.232Z"}
{"level":"info","message":"guest PUT /roles/604dfb61be00390018cee555 at 2024-06-25T13:35:06.752Z"}
{"level":"info","message":"guest GET /api-docs/ at 2024-06-25T13:39:17.415Z"}
{"level":"info","message":"guest GET /api-docs/swagger-ui.css at 2024-06-25T13:39:17.501Z"}
{"level":"info","message":"guest GET /api-docs/swagger-ui-bundle.js at 2024-06-25T13:39:17.508Z"}
{"level":"info","message":"guest GET /api-docs/swagger-ui-standalone-preset.js at 2024-06-25T13:39:17.576Z"}
{"level":"info","message":"guest GET /api-docs/swagger-ui-init.js at 2024-06-25T13:39:17.660Z"}
{"level":"info","message":"guest GET /api-docs/favicon-32x32.png at 2024-06-25T13:39:18.111Z"}
{"level":"info","message":"guest GET /api-docs/ at 2024-06-25T13:41:13.001Z"}
{"level":"info","message":"guest GET /api-docs/swagger-ui.css at 2024-06-25T13:41:13.081Z"}
{"level":"info","message":"guest GET /api-docs/swagger-ui-bundle.js at 2024-06-25T13:41:13.085Z"}
{"level":"info","message":"guest GET /api-docs/swagger-ui-standalone-preset.js at 2024-06-25T13:41:13.129Z"}
{"level":"info","message":"guest GET /api-docs/swagger-ui-init.js at 2024-06-25T13:41:13.133Z"}
{"level":"info","message":"guest GET /api-docs/favicon-32x32.png at 2024-06-25T13:41:13.735Z"}
{"level":"info","message":"guest GET /roles/604dfb61be00390018cee555 at 2024-06-25T13:41:36.600Z"}
{"level":"info","message":"guest PUT /roles/604dfb61be00390018cee555 at 2024-06-25T13:42:12.897Z"}
{"level":"info","message":"guest PUT /roles/604dfb61be00390018cee555 at 2024-06-25T13:43:25.297Z"}
{"level":"info","message":"guest GET /roles/604dfb61be00390018cee555 at 2024-06-25T13:43:44.442Z"}
{"level":"info","message":"guest PUT /roles/604dfb61be00390018cee555 at 2024-06-25T14:04:45.771Z"}
{"level":"info","message":"guest PUT /roles/604dfb61be00390018cee555 at 2024-06-25T14:07:50.411Z"}
{"level":"info","message":"guest GET /api-docs/ at 2024-06-25T14:08:39.695Z"}
{"level":"info","message":"guest GET /api-docs/swagger-ui.css at 2024-06-25T14:08:39.778Z"}
{"level":"info","message":"guest GET /api-docs/swagger-ui-bundle.js at 2024-06-25T14:08:39.789Z"}
{"level":"info","message":"guest GET /api-docs/swagger-ui-standalone-preset.js at 2024-06-25T14:08:39.824Z"}
{"level":"info","message":"guest GET /api-docs/swagger-ui-init.js at 2024-06-25T14:08:39.837Z"}
{"level":"info","message":"guest GET /api-docs/favicon-32x32.png at 2024-06-25T14:08:40.232Z"}
{"level":"info","message":"guest PUT /roles/604dfb61be00390018cee555 at 2024-06-25T14:09:43.525Z"}
{"level":"info","message":"guest PUT /roles/604dfb61be00390018cee555/user-role at 2024-06-25T14:12:49.880Z"}
{"level":"info","message":"guest PUT /roles/604dfb61be00390018cee555/user-role at 2024-06-25T14:14:21.859Z"}
{"level":"info","message":"guest PUT /roles/604dfb61be00390018cee555/user-role at 2024-06-25T14:15:24.116Z"}
{"level":"info","message":"guest PUT /roles/604dfb61be00390018cee555/user-role at 2024-06-25T14:16:32.375Z"}
{"level":"info","message":"guest PUT /roles/604dfb61be00390018cee555/user-role at 2024-06-25T14:16:51.990Z"}
{"level":"info","message":"guest GET /roles/role-by-user-id/66597ab3636f99a8f138539c at 2024-06-25T14:18:42.477Z"}
{"level":"info","message":"guest GET /roles/role-by-user-id/66597ab3636f99a8f138539c at 2024-06-25T14:19:37.374Z"}
{"level":"info","message":"guest GET /roles/role-by-user-id/66597ab3636f99a8f138539c at 2024-06-25T14:20:20.271Z"}
{"level":"info","message":"guest GET /roles/role-by-user-id/66597ab3636f99a8f138539c at 2024-06-25T14:20:22.387Z"}
{"level":"info","message":"guest GET / at 2024-06-26T03:44:31.537Z"}
{"level":"info","message":"guest GET /ws at 2024-06-26T03:44:32.883Z"}
{"level":"info","message":"guest GET /favicon.ico at 2024-06-26T03:44:41.593Z"}
{"level":"info","message":"guest GET /ws at 2024-06-26T03:44:51.874Z"}
{"level":"info","message":"guest GET /api-docs/ at 2024-06-26T03:51:00.377Z"}
{"level":"info","message":"guest GET /api-docs/swagger-ui.css at 2024-06-26T03:51:00.447Z"}
{"level":"info","message":"guest GET /api-docs/swagger-ui-bundle.js at 2024-06-26T03:51:00.455Z"}
{"level":"info","message":"guest GET /api-docs/swagger-ui-standalone-preset.js at 2024-06-26T03:51:00.488Z"}
{"level":"info","message":"guest GET /api-docs/swagger-ui-init.js at 2024-06-26T03:51:00.500Z"}
{"level":"info","message":"guest PUT /roles/604dfb61be00390018cee555/user-role at 2024-06-26T03:53:20.944Z"}
{"level":"info","message":"guest PUT /roles/604dfb61be00390018cee555/user-role at 2024-06-26T03:56:20.159Z"}
{"level":"info","message":"guest PUT /roles/604dfb61be00390018cee555/user-role at 2024-06-26T04:02:13.860Z"}
{"level":"info","message":"guest PUT /roles/604dfb61be00390018cee555/user-role at 2024-06-26T04:04:07.544Z"}
{"level":"info","message":"guest PUT /roles/604dfb61be00390018cee555/user-role at 2024-06-26T04:07:42.580Z"}
{"level":"info","message":"guest PUT /roles/604dfb61be00390018cee555/features at 2024-06-26T04:08:55.972Z"}
{"level":"info","message":"guest PUT /roles/604dfb61be00390018cee555/features at 2024-06-26T04:09:46.748Z"}
{"level":"info","message":"guest PUT /roles/604dfb61be00390018cee555/features at 2024-06-26T04:11:51.221Z"}
{"level":"info","message":"guest GET /roles/role-by-user-id/667a9ab3e5f67d9cf80f5a96 at 2024-06-26T04:13:58.901Z"}
{"level":"info","message":"guest GET /roles/user-by-role-id/667ace7ced1dd58802af6ef6 at 2024-06-26T04:14:27.904Z"}
{"level":"info","message":"guest DELETE /roles/667ace7ced1dd58802af6ef6 at 2024-06-26T04:14:53.578Z"}
{"level":"info","message":"guest DELETE /roles/667ace7ced1dd58802af6ef6/667a9ab3e5f67d9cf80f5a96/ at 2024-06-26T04:15:55.151Z"}
{"level":"info","message":"guest PUT /roles/604dfb61be00390018cee555/features at 2024-06-26T04:21:49.876Z"}
{"level":"info","message":"guest PUT /roles/604dfb61be00390018cee555/features at 2024-06-26T04:24:06.381Z"}
{"level":"info","message":"guest PUT /roles/604dfb61be00390018cee555/features at 2024-06-26T04:25:04.690Z"}
{"level":"info","message":"guest PUT /roles/604dfb61be00390018cee555/features at 2024-06-26T04:28:46.078Z"}
{"level":"info","message":"guest PUT /roles/604dfb61be00390018cee555/features at 2024-06-26T04:29:28.366Z"}
{"level":"info","message":"guest PUT /roles/604dfb61be00390018cee555/features at 2024-06-26T04:41:16.200Z"}
{"level":"info","message":"guest PUT /roles/604dfb61be00390018cee555/features at 2024-06-26T04:42:00.835Z"}
{"level":"info","message":"guest PUT /roles/604dfb61be00390018cee555/user-role at 2024-06-26T04:42:25.488Z"}
{"level":"info","message":"guest PUT /roles/604dfb61be00390018cee555/user-role at 2024-06-26T04:43:15.738Z"}
{"level":"info","message":"guest GET /roles/role-by-user-id/667a9ab3e5f67d9cf80f5a96 at 2024-06-26T04:43:36.920Z"}
{"level":"info","message":"guest PUT /roles/604dfb61be00390018cee555/user-role at 2024-06-26T04:54:23.955Z"}
{"level":"info","message":"guest PUT /roles/604dfb61be00390018cee555/user-role at 2024-06-26T04:59:10.162Z"}
{"level":"info","message":"guest PUT /roles/604dfb61be00390018cee555/user-role at 2024-06-26T05:01:01.053Z"}
{"level":"info","message":"guest PUT /roles/604dfb61be00390018cee555/user-role at 2024-06-26T05:01:58.277Z"}
{"level":"info","message":"guest PUT /roles/604dfb61be00390018cee555/user-role at 2024-06-26T05:02:34.272Z"}
{"level":"info","message":"guest PUT /roles/604dfb61be00390018cee555/user-role at 2024-06-26T05:06:27.694Z"}
{"level":"info","message":"guest GET /roles/role-by-user-id/667a9ab3e5f67d9cf80f5a96 at 2024-06-26T05:12:10.137Z"}
{"level":"info","message":"guest GET /roles/user-by-role-id/667ace7ced1dd58802af6ef6 at 2024-06-26T05:12:17.448Z"}
{"level":"info","message":"guest GET /roles/user-by-role-id/667acf230c3ea026e25b5c9e at 2024-06-26T05:13:15.511Z"}
{"level":"info","message":"guest GET /users at 2024-06-26T09:57:48.642Z"}
{"level":"info","message":"guest GET /users at 2024-06-26T09:57:49.149Z"}
{"level":"info","message":"guest GET /users at 2024-06-26T09:57:49.685Z"}
{"level":"info","message":"guest GET /api-docs/ at 2024-06-26T09:57:57.914Z"}
{"level":"info","message":"guest GET /api-docs/swagger-ui.css at 2024-06-26T09:57:57.983Z"}
{"level":"info","message":"guest GET /api-docs/swagger-ui-bundle.js at 2024-06-26T09:57:58.021Z"}
{"level":"info","message":"guest GET /api-docs/swagger-ui-standalone-preset.js at 2024-06-26T09:57:58.060Z"}
{"level":"info","message":"guest GET /api-docs/swagger-ui-init.js at 2024-06-26T09:57:58.101Z"}
{"level":"info","message":"guest POST /users/login at 2024-06-26T09:58:23.606Z"}
{"level":"info","message":"pavithra GET /users at 2024-06-26T09:58:29.020Z"}
{"level":"info","message":"pavithra GET /users at 2024-06-26T11:08:42.233Z"}
{"level":"info","message":"pavithra GET /users at 2024-06-26T11:08:43.227Z"}
{"level":"info","message":"pavithra GET /users at 2024-06-26T11:08:44.416Z"}
{"level":"info","message":"pavithra GET /users at 2024-06-26T11:08:45.308Z"}
{"level":"info","message":"guest GET /users at 2024-06-26T11:08:59.827Z"}
{"level":"info","message":"guest GET /users at 2024-06-26T11:09:01.044Z"}
{"level":"info","message":"guest GET /users at 2024-06-26T11:22:32.123Z"}
{"level":"info","message":"guest GET /users at 2024-06-26T11:22:32.904Z"}
{"level":"info","message":"guest GET /users at 2024-06-26T11:22:35.386Z"}
{"level":"info","message":"guest POST /users/login at 2024-06-26T11:22:39.892Z"}
{"level":"info","message":"pavithra GET /users at 2024-06-26T11:22:44.269Z"}
{"level":"info","message":"guest GET /users at 2024-06-26T11:27:44.267Z"}
{"level":"info","message":"guest GET /users at 2024-06-26T11:29:12.366Z"}
{"level":"info","message":"guest GET /users at 2024-06-26T11:32:26.383Z"}
{"level":"info","message":"guest GET /users at 2024-06-26T11:42:50.246Z"}
{"level":"info","message":"guest GET /users at 2024-06-26T11:42:51.417Z"}
{"level":"info","message":"guest GET /users at 2024-06-26T11:42:59.408Z"}
{"level":"info","message":"guest GET /profile at 2024-06-26T11:43:03.927Z"}
{"level":"info","message":"guest GET /profile at 2024-06-26T11:44:04.037Z"}
{"level":"info","message":"guest GET /profile at 2024-06-26T12:14:23.674Z"}
{"level":"info","message":"guest GET /profile at 2024-06-26T12:14:24.838Z"}
